[2026-03-13T14:09:30.339+0000] {manager.py:483} INFO - Processing files using up to 2 processes at a time 
[2026-03-13T14:09:30.343+0000] {manager.py:484} INFO - Process each file at most once every 30 seconds
[2026-03-13T14:09:30.344+0000] {manager.py:485} INFO - Checking for new files in /opt/airflow/dags every 300 seconds
[2026-03-13T14:09:30.344+0000] {manager.py:821} INFO - Searching for files in /opt/airflow/dags
[2026-03-13T14:09:30.440+0000] {manager.py:824} INFO - There are 0 files in /opt/airflow/dags
[2026-03-13T14:14:30.446+0000] {manager.py:821} INFO - Searching for files in /opt/airflow/dags
[2026-03-13T14:14:30.453+0000] {manager.py:824} INFO - There are 0 files in /opt/airflow/dags
[2026-03-13T14:20:52.704+0000] {manager.py:483} INFO - Processing files using up to 2 processes at a time 
[2026-03-13T14:20:52.705+0000] {manager.py:484} INFO - Process each file at most once every 30 seconds
[2026-03-13T14:20:52.705+0000] {manager.py:485} INFO - Checking for new files in /opt/airflow/dags every 300 seconds
[2026-03-13T14:20:52.706+0000] {manager.py:821} INFO - Searching for files in /opt/airflow/dags
[2026-03-13T14:20:52.715+0000] {manager.py:824} INFO - There are 0 files in /opt/airflow/dags
[2026-03-13T14:25:53.546+0000] {manager.py:821} INFO - Searching for files in /opt/airflow/dags
[2026-03-13T14:25:53.555+0000] {manager.py:824} INFO - There are 0 files in /opt/airflow/dags
[2026-03-13T14:30:54.151+0000] {manager.py:821} INFO - Searching for files in /opt/airflow/dags
[2026-03-13T14:30:54.184+0000] {manager.py:824} INFO - There are 0 files in /opt/airflow/dags
[2026-03-13T14:35:54.522+0000] {manager.py:821} INFO - Searching for files in /opt/airflow/dags
[2026-03-13T14:35:54.531+0000] {manager.py:824} INFO - There are 0 files in /opt/airflow/dags
[2026-03-13T14:40:55.426+0000] {manager.py:821} INFO - Searching for files in /opt/airflow/dags
[2026-03-13T14:40:55.438+0000] {manager.py:824} INFO - There are 0 files in /opt/airflow/dags
[2026-03-13T14:45:56.086+0000] {manager.py:821} INFO - Searching for files in /opt/airflow/dags
[2026-03-13T14:45:56.092+0000] {manager.py:824} INFO - There are 0 files in /opt/airflow/dags
[2026-03-13T14:50:56.736+0000] {manager.py:821} INFO - Searching for files in /opt/airflow/dags
[2026-03-13T14:50:56.756+0000] {manager.py:824} INFO - There are 0 files in /opt/airflow/dags
[2026-03-13T14:55:57.169+0000] {manager.py:821} INFO - Searching for files in /opt/airflow/dags
[2026-03-13T14:55:57.174+0000] {manager.py:824} INFO - There are 0 files in /opt/airflow/dags
[2026-03-13T15:00:57.177+0000] {manager.py:821} INFO - Searching for files in /opt/airflow/dags
[2026-03-13T15:00:57.182+0000] {manager.py:824} INFO - There are 0 files in /opt/airflow/dags
[2026-03-13T15:05:57.506+0000] {manager.py:821} INFO - Searching for files in /opt/airflow/dags
[2026-03-13T15:05:57.511+0000] {manager.py:824} INFO - There are 0 files in /opt/airflow/dags
[2026-03-13T15:10:58.330+0000] {manager.py:821} INFO - Searching for files in /opt/airflow/dags
[2026-03-13T15:10:58.338+0000] {manager.py:824} INFO - There are 0 files in /opt/airflow/dags
[2026-03-13T15:16:05.124+0000] {manager.py:821} INFO - Searching for files in /opt/airflow/dags
[2026-03-13T15:16:05.249+0000] {manager.py:824} INFO - There are 0 files in /opt/airflow/dags
[2026-03-13T15:21:06.015+0000] {manager.py:821} INFO - Searching for files in /opt/airflow/dags
[2026-03-13T15:21:06.023+0000] {manager.py:824} INFO - There are 0 files in /opt/airflow/dags
[2026-03-13T15:26:06.028+0000] {manager.py:821} INFO - Searching for files in /opt/airflow/dags
[2026-03-13T15:26:06.031+0000] {manager.py:824} INFO - There are 0 files in /opt/airflow/dags
[2026-03-13T15:31:28.927+0000] {manager.py:821} INFO - Searching for files in /opt/airflow/dags
[2026-03-13T15:31:28.969+0000] {manager.py:824} INFO - There are 0 files in /opt/airflow/dags
[2026-03-13T15:36:29.500+0000] {manager.py:821} INFO - Searching for files in /opt/airflow/dags
[2026-03-13T15:36:29.512+0000] {manager.py:824} INFO - There are 0 files in /opt/airflow/dags
[2026-03-13T15:44:46.059+0000] {manager.py:483} INFO - Processing files using up to 2 processes at a time 
[2026-03-13T15:44:46.061+0000] {manager.py:484} INFO - Process each file at most once every 30 seconds
[2026-03-13T15:44:46.062+0000] {manager.py:485} INFO - Checking for new files in /opt/airflow/dags every 300 seconds
[2026-03-13T15:44:46.062+0000] {manager.py:821} INFO - Searching for files in /opt/airflow/dags
[2026-03-13T15:44:46.064+0000] {manager.py:824} INFO - There are 0 files in /opt/airflow/dags
[2026-03-13T15:51:22.748+0000] {manager.py:483} INFO - Processing files using up to 2 processes at a time 
[2026-03-13T15:51:22.748+0000] {manager.py:484} INFO - Process each file at most once every 30 seconds
[2026-03-13T15:51:22.748+0000] {manager.py:485} INFO - Checking for new files in /opt/airflow/dags every 300 seconds
[2026-03-13T15:51:22.749+0000] {manager.py:821} INFO - Searching for files in /opt/airflow/dags
[2026-03-13T15:51:22.749+0000] {manager.py:824} INFO - There are 0 files in /opt/airflow/dags
[2026-03-13T15:53:43.725+0000] {manager.py:483} INFO - Processing files using up to 2 processes at a time 
[2026-03-13T15:53:43.727+0000] {manager.py:484} INFO - Process each file at most once every 30 seconds
[2026-03-13T15:53:43.728+0000] {manager.py:485} INFO - Checking for new files in /opt/airflow/dags every 300 seconds
[2026-03-13T15:53:43.728+0000] {manager.py:821} INFO - Searching for files in /opt/airflow/dags
[2026-03-13T15:53:43.729+0000] {manager.py:824} INFO - There are 0 files in /opt/airflow/dags
[2026-03-13T15:58:43.794+0000] {manager.py:821} INFO - Searching for files in /opt/airflow/dags
[2026-03-13T15:58:43.805+0000] {manager.py:824} INFO - There are 0 files in /opt/airflow/dags
[2026-03-13T16:03:44.716+0000] {manager.py:821} INFO - Searching for files in /opt/airflow/dags
[2026-03-13T16:03:44.739+0000] {manager.py:824} INFO - There are 1 files in /opt/airflow/dags
[2026-03-13T16:03:51.590+0000] {manager.py:997} INFO - 
================================================================================
DAG File Processing Stats

File Path                                 PID    Runtime      # DAGs    # Errors  Last Runtime    Last Run               Last # of DB Queries
----------------------------------------  -----  ---------  --------  ----------  --------------  -------------------  ----------------------
/opt/airflow/dags/crypto_producer_dag.py                           1           0  3.55s           2026-03-13T16:03:48                      45
================================================================================
[2026-03-13T16:04:22.007+0000] {manager.py:997} INFO - 
================================================================================
DAG File Processing Stats

File Path                                 PID    Runtime      # DAGs    # Errors  Last Runtime    Last Run               Last # of DB Queries
----------------------------------------  -----  ---------  --------  ----------  --------------  -------------------  ----------------------
/opt/airflow/dags/crypto_producer_dag.py                           1           0  0.27s           2026-03-13T16:04:19                      12
================================================================================
[2026-03-13T16:04:52.047+0000] {manager.py:997} INFO - 
================================================================================
DAG File Processing Stats

File Path                                 PID    Runtime      # DAGs    # Errors  Last Runtime    Last Run               Last # of DB Queries
----------------------------------------  -----  ---------  --------  ----------  --------------  -------------------  ----------------------
/opt/airflow/dags/crypto_producer_dag.py                           1           0  0.54s           2026-03-13T16:04:50                      12
================================================================================
[2026-03-13T16:05:22.338+0000] {manager.py:997} INFO - 
================================================================================
DAG File Processing Stats

File Path                                 PID    Runtime      # DAGs    # Errors  Last Runtime    Last Run               Last # of DB Queries
----------------------------------------  -----  ---------  --------  ----------  --------------  -------------------  ----------------------
/opt/airflow/dags/crypto_producer_dag.py                           1           0  0.46s           2026-03-13T16:05:20                      12
================================================================================
[2026-03-13T16:05:52.477+0000] {manager.py:997} INFO - 
================================================================================
DAG File Processing Stats

File Path                                 PID    Runtime      # DAGs    # Errors  Last Runtime    Last Run               Last # of DB Queries
----------------------------------------  -----  ---------  --------  ----------  --------------  -------------------  ----------------------
/opt/airflow/dags/crypto_producer_dag.py                           1           0  0.47s           2026-03-13T16:05:51                      12
================================================================================
[2026-03-13T16:06:22.757+0000] {manager.py:997} INFO - 
================================================================================
DAG File Processing Stats

File Path                                 PID    Runtime      # DAGs    # Errors  Last Runtime    Last Run               Last # of DB Queries
----------------------------------------  -----  ---------  --------  ----------  --------------  -------------------  ----------------------
/opt/airflow/dags/crypto_producer_dag.py                           1           0  0.49s           2026-03-13T16:06:22                      12
================================================================================
[2026-03-13T16:06:52.857+0000] {manager.py:997} INFO - 
================================================================================
DAG File Processing Stats

File Path                                 PID    Runtime      # DAGs    # Errors  Last Runtime    Last Run               Last # of DB Queries
----------------------------------------  -----  ---------  --------  ----------  --------------  -------------------  ----------------------
/opt/airflow/dags/crypto_producer_dag.py                           1           0  0.30s           2026-03-13T16:06:52                      12
================================================================================
[2026-03-13T16:07:22.959+0000] {manager.py:997} INFO - 
================================================================================
DAG File Processing Stats

File Path                                   PID  Runtime      # DAGs    # Errors  Last Runtime    Last Run               Last # of DB Queries
----------------------------------------  -----  ---------  --------  ----------  --------------  -------------------  ----------------------
/opt/airflow/dags/crypto_producer_dag.py    189  0.03s             1           0  0.30s           2026-03-13T16:06:52                      12
================================================================================
[2026-03-13T16:07:53.898+0000] {manager.py:997} INFO - 
================================================================================
DAG File Processing Stats

File Path                                   PID  Runtime      # DAGs    # Errors  Last Runtime    Last Run               Last # of DB Queries
----------------------------------------  -----  ---------  --------  ----------  --------------  -------------------  ----------------------
/opt/airflow/dags/crypto_producer_dag.py    194  0.04s             1           0  0.27s           2026-03-13T16:07:23                      12
================================================================================
[2026-03-13T16:07:56.118+0000] {manager.py:465} INFO - Exiting gracefully upon receiving signal 15
[2026-03-13T16:08:38.784+0000] {manager.py:483} INFO - Processing files using up to 2 processes at a time 
[2026-03-13T16:08:38.785+0000] {manager.py:484} INFO - Process each file at most once every 30 seconds
[2026-03-13T16:08:38.785+0000] {manager.py:485} INFO - Checking for new files in /opt/airflow/dags every 300 seconds
[2026-03-13T16:08:38.785+0000] {manager.py:821} INFO - Searching for files in /opt/airflow/dags
[2026-03-13T16:08:38.788+0000] {manager.py:824} INFO - There are 1 files in /opt/airflow/dags
[2026-03-13T16:08:38.859+0000] {manager.py:997} INFO - 
================================================================================
DAG File Processing Stats

File Path                                   PID  Runtime      # DAGs    # Errors  Last Runtime    Last Run      Last # of DB Queries
----------------------------------------  -----  ---------  --------  ----------  --------------  ----------  ----------------------
/opt/airflow/dags/crypto_producer_dag.py    154  0.02s             0           0                                                   0
================================================================================
